빌드 시작: 2017-11-13 오후 1:23:01
     1>2 노드의 "C:\Users\NAYOUNG\Documents\Visual Studio 2012\Projects\API_OS1nayoung_2\API_OS1nayoung_2\API_OS1nayoung_2.vcxproj" 프로젝트(Build 대상)입니다.
     1>ClCompile:
         C:\Program Files (x86)\Microsoft Visual Studio 11.0\VC\bin\CL.exe /c /ZI /nologo /W3 /WX- /Od /Oy- /D WIN32 /D _DEBUG /D _WINDOWS /D _UNICODE /D UNICODE /D _CRT_SECURE_NO_WARNINGS /Gm /EHsc /RTC1 /MDd /GS /fp:precise /Zc:wchar_t /Zc:forScope /Fo"Debug\\" /Fd"Debug\vc110.pdb" /Gd /TP /analyze- /errorReport:prompt "손나영\TestCriticalSection.cpp" "손나영\TestFunction.cpp" "손나영\TestRegistry.cpp"
         TestRegistry.cpp
         TestFunction.cpp
         TestCriticalSection.cpp
     1>c:\users\nayoung\documents\visual studio 2012\projects\api_os1nayoung_2\api_os1nayoung_2\손나영\testcriticalsection.cpp(22): warning C4101: 'real_result' :참조되지 않은 지역 변수입니다.
         코드를 생성하고 있습니다...
       Link:
         C:\Program Files (x86)\Microsoft Visual Studio 11.0\VC\bin\link.exe /ERRORREPORT:PROMPT /OUT:"C:\Users\NAYOUNG\Documents\Visual Studio 2012\Projects\API_OS1nayoung_2\Debug\API_OS1nayoung_2.exe" /INCREMENTAL /NOLOGO kernel32.lib user32.lib gdi32.lib winspool.lib comdlg32.lib advapi32.lib shell32.lib ole32.lib oleaut32.lib uuid.lib odbc32.lib odbccp32.lib /MANIFEST /MANIFESTUAC:"level='asInvoker' uiAccess='false'" /manifest:embed /DEBUG /PDB:"C:\Users\NAYOUNG\Documents\Visual Studio 2012\Projects\API_OS1nayoung_2\Debug\API_OS1nayoung_2.pdb" /SUBSYSTEM:WINDOWS /TLBID:1 /DYNAMICBASE /NXCOMPAT /IMPLIB:"C:\Users\NAYOUNG\Documents\Visual Studio 2012\Projects\API_OS1nayoung_2\Debug\API_OS1nayoung_2.lib" /MACHINE:X86 Debug\MyUtil.obj
         Debug\OSQA.obj
         Debug\WinMain.obj
         Debug\TestCriticalSection.obj
         Debug\TestEventHG.obj
         Debug\TestFunction.obj
         Debug\TestFunctionPPT.obj
         Debug\TestMemory.obj
         Debug\TestModule.obj
         Debug\TestProcessF.obj
         Debug\TestProcessor.obj
         Debug\TestRegistry.obj
         API_OS1nayoung_2.vcxproj -> C:\Users\NAYOUNG\Documents\Visual Studio 2012\Projects\API_OS1nayoung_2\Debug\API_OS1nayoung_2.exe
     1>"C:\Users\NAYOUNG\Documents\Visual Studio 2012\Projects\API_OS1nayoung_2\API_OS1nayoung_2\API_OS1nayoung_2.vcxproj" 프로젝트를 빌드했습니다(Build 대상).

빌드했습니다.

경과 시간: 00:00:04.42
