C:\USERS\NAYOUNG\DOCUMENTS\VISUAL STUDIO 2012\PROJECTS\API_OS1NAYOUNG_2\API_OS1NAYOUNG_2\DEBUG\MYUTIL.OBJ
C:\USERS\NAYOUNG\DOCUMENTS\VISUAL STUDIO 2012\PROJECTS\API_OS1NAYOUNG_2\API_OS1NAYOUNG_2\DEBUG\OSQA.OBJ
C:\USERS\NAYOUNG\DOCUMENTS\VISUAL STUDIO 2012\PROJECTS\API_OS1NAYOUNG_2\API_OS1NAYOUNG_2\DEBUG\WINMAIN.OBJ
C:\USERS\NAYOUNG\DOCUMENTS\VISUAL STUDIO 2012\PROJECTS\API_OS1NAYOUNG_2\API_OS1NAYOUNG_2\DEBUG\TESTCRITICALSECTION.OBJ
C:\USERS\NAYOUNG\DOCUMENTS\VISUAL STUDIO 2012\PROJECTS\API_OS1NAYOUNG_2\API_OS1NAYOUNG_2\DEBUG\TESTEVENTHG.OBJ
C:\USERS\NAYOUNG\DOCUMENTS\VISUAL STUDIO 2012\PROJECTS\API_OS1NAYOUNG_2\API_OS1NAYOUNG_2\DEBUG\TESTFUNCTION.OBJ
C:\USERS\NAYOUNG\DOCUMENTS\VISUAL STUDIO 2012\PROJECTS\API_OS1NAYOUNG_2\API_OS1NAYOUNG_2\DEBUG\TESTFUNCTIONPPT.OBJ
C:\USERS\NAYOUNG\DOCUMENTS\VISUAL STUDIO 2012\PROJECTS\API_OS1NAYOUNG_2\API_OS1NAYOUNG_2\DEBUG\TESTMEMORY.OBJ
C:\USERS\NAYOUNG\DOCUMENTS\VISUAL STUDIO 2012\PROJECTS\API_OS1NAYOUNG_2\API_OS1NAYOUNG_2\DEBUG\TESTMODULE.OBJ
C:\USERS\NAYOUNG\DOCUMENTS\VISUAL STUDIO 2012\PROJECTS\API_OS1NAYOUNG_2\API_OS1NAYOUNG_2\DEBUG\TESTPROCESSF.OBJ
C:\USERS\NAYOUNG\DOCUMENTS\VISUAL STUDIO 2012\PROJECTS\API_OS1NAYOUNG_2\API_OS1NAYOUNG_2\DEBUG\TESTPROCESSOR.OBJ
C:\USERS\NAYOUNG\DOCUMENTS\VISUAL STUDIO 2012\PROJECTS\API_OS1NAYOUNG_2\API_OS1NAYOUNG_2\DEBUG\TESTREGISTRY.OBJ
C:\USERS\NAYOUNG\DOCUMENTS\VISUAL STUDIO 2012\PROJECTS\API_OS1NAYOUNG_2\API_OS1NAYOUNG_2\DEBUG\VC110.PDB
C:\USERS\NAYOUNG\DOCUMENTS\VISUAL STUDIO 2012\PROJECTS\API_OS1NAYOUNG_2\DEBUG\API_OS1NAYOUNG_2.ILK
C:\USERS\NAYOUNG\DOCUMENTS\VISUAL STUDIO 2012\PROJECTS\API_OS1NAYOUNG_2\DEBUG\API_OS1NAYOUNG_2.EXE
C:\USERS\NAYOUNG\DOCUMENTS\VISUAL STUDIO 2012\PROJECTS\API_OS1NAYOUNG_2\DEBUG\API_OS1NAYOUNG_2.PDB
C:\Users\NAYOUNG\documents\visual studio 2012\Projects\API_OS1nayoung_2\API_OS1nayoung_2\Debug\MyUtil.obj
C:\Users\NAYOUNG\documents\visual studio 2012\Projects\API_OS1nayoung_2\API_OS1nayoung_2\Debug\OSQA.obj
C:\Users\NAYOUNG\documents\visual studio 2012\Projects\API_OS1nayoung_2\API_OS1nayoung_2\Debug\TestCriticalSection.obj
C:\Users\NAYOUNG\documents\visual studio 2012\Projects\API_OS1nayoung_2\API_OS1nayoung_2\Debug\TestEventHG.obj
C:\Users\NAYOUNG\documents\visual studio 2012\Projects\API_OS1nayoung_2\API_OS1nayoung_2\Debug\TestFunction.obj
C:\Users\NAYOUNG\documents\visual studio 2012\Projects\API_OS1nayoung_2\API_OS1nayoung_2\Debug\TestFunctionPPT.obj
C:\Users\NAYOUNG\documents\visual studio 2012\Projects\API_OS1nayoung_2\API_OS1nayoung_2\Debug\TestMemory.obj
C:\Users\NAYOUNG\documents\visual studio 2012\Projects\API_OS1nayoung_2\API_OS1nayoung_2\Debug\TestModule.obj
C:\Users\NAYOUNG\documents\visual studio 2012\Projects\API_OS1nayoung_2\API_OS1nayoung_2\Debug\TestProcessF.obj
C:\Users\NAYOUNG\documents\visual studio 2012\Projects\API_OS1nayoung_2\API_OS1nayoung_2\Debug\TestProcessor.obj
C:\Users\NAYOUNG\documents\visual studio 2012\Projects\API_OS1nayoung_2\API_OS1nayoung_2\Debug\TestRegistry.obj
C:\Users\NAYOUNG\documents\visual studio 2012\Projects\API_OS1nayoung_2\API_OS1nayoung_2\Debug\WinMain.obj
C:\Users\NAYOUNG\documents\visual studio 2012\Projects\API_OS1nayoung_2\API_OS1nayoung_2\Debug\cl.command.1.tlog
C:\Users\NAYOUNG\documents\visual studio 2012\Projects\API_OS1nayoung_2\API_OS1nayoung_2\Debug\CL.read.1.tlog
C:\Users\NAYOUNG\documents\visual studio 2012\Projects\API_OS1nayoung_2\API_OS1nayoung_2\Debug\CL.write.1.tlog
C:\Users\NAYOUNG\documents\visual studio 2012\Projects\API_OS1nayoung_2\API_OS1nayoung_2\Debug\link-cvtres.read.1.tlog
C:\Users\NAYOUNG\documents\visual studio 2012\Projects\API_OS1nayoung_2\API_OS1nayoung_2\Debug\link-cvtres.write.1.tlog
C:\Users\NAYOUNG\documents\visual studio 2012\Projects\API_OS1nayoung_2\API_OS1nayoung_2\Debug\link-rc.read.1.tlog
C:\Users\NAYOUNG\documents\visual studio 2012\Projects\API_OS1nayoung_2\API_OS1nayoung_2\Debug\link-rc.write.1.tlog
C:\Users\NAYOUNG\documents\visual studio 2012\Projects\API_OS1nayoung_2\API_OS1nayoung_2\Debug\link.command.1.tlog
C:\Users\NAYOUNG\documents\visual studio 2012\Projects\API_OS1nayoung_2\API_OS1nayoung_2\Debug\link.read.1.tlog
C:\Users\NAYOUNG\documents\visual studio 2012\Projects\API_OS1nayoung_2\API_OS1nayoung_2\Debug\link.write.1.tlog
C:\Users\NAYOUNG\documents\visual studio 2012\Projects\API_OS1nayoung_2\API_OS1nayoung_2\Debug\vc110.idb
C:\Users\NAYOUNG\documents\visual studio 2012\Projects\API_OS1nayoung_2\API_OS1nayoung_2\Debug\vc110.pdb
C:\Users\NAYOUNG\documents\visual studio 2012\Projects\API_OS1nayoung_2\Debug\API_OS1nayoung_2.pdb
C:\Users\NAYOUNG\documents\visual studio 2012\Projects\API_OS1nayoung_2\Debug\API_OS1nayoung_2.exe
C:\Users\NAYOUNG\documents\visual studio 2012\Projects\API_OS1nayoung_2\Debug\API_OS1nayoung_2.ilk
