빌드 시작: 2018-01-26 오전 9:18:08
     1>2 노드의 "C:\Users\NAYOUNG\Documents\Visual Studio 2012\Projects\API_OS1nayoung_2\API_OS1nayoung_2\API_OS1nayoung_2.vcxproj" 프로젝트(Build 대상)입니다.
     1>Link:
         C:\Program Files (x86)\Microsoft Visual Studio 11.0\VC\bin\link.exe /ERRORREPORT:PROMPT /OUT:"C:\Users\NAYOUNG\Documents\Visual Studio 2012\Projects\API_OS1nayoung_2\Release\API_OS1nayoung_2.exe" /INCREMENTAL:NO /NOLOGO kernel32.lib user32.lib gdi32.lib winspool.lib comdlg32.lib advapi32.lib shell32.lib ole32.lib oleaut32.lib uuid.lib odbc32.lib odbccp32.lib /MANIFEST /MANIFESTUAC:"level='asInvoker' uiAccess='false'" /manifest:embed /DEBUG /PDB:"C:\Users\NAYOUNG\Documents\Visual Studio 2012\Projects\API_OS1nayoung_2\Release\API_OS1nayoung_2.pdb" /SUBSYSTEM:WINDOWS /OPT:REF /OPT:ICF /LTCG /TLBID:1 /DYNAMICBASE /NXCOMPAT /IMPLIB:"C:\Users\NAYOUNG\Documents\Visual Studio 2012\Projects\API_OS1nayoung_2\Release\API_OS1nayoung_2.lib" /MACHINE:X86 /SAFESEH Release\MakeButton.obj
         Release\MergedWinMain.obj
         Release\MyUtil.obj
         Release\OSQA.obj
         Release\Paging.obj
         Release\TestConsole.obj
         Release\TestCriticalSection.obj
         Release\TestEventHG.obj
         Release\TestFunction.obj
         Release\TestFunctionPPT.obj
         Release\TestMemory.obj
         Release\TestMetafile.obj
         Release\TestModule.obj
         Release\TestProcessF.obj
         Release\TestProcessor.obj
         Release\TestRegistry.obj
         코드를 생성하고 있습니다.
         코드를 생성했습니다.
         API_OS1nayoung_2.vcxproj -> C:\Users\NAYOUNG\Documents\Visual Studio 2012\Projects\API_OS1nayoung_2\Release\API_OS1nayoung_2.exe
     1>"C:\Users\NAYOUNG\Documents\Visual Studio 2012\Projects\API_OS1nayoung_2\API_OS1nayoung_2\API_OS1nayoung_2.vcxproj" 프로젝트를 빌드했습니다(Build 대상).

빌드했습니다.

경과 시간: 00:00:02.61
