C:\USERS\NAYOUNG\DOCUMENTS\VISUAL STUDIO 2012\PROJECTS\API_OS1NAYOUNG_2\API_OS1NAYOUNG_2\RELEASE\TESTREGISTRY.OBJ
C:\USERS\NAYOUNG\DOCUMENTS\VISUAL STUDIO 2012\PROJECTS\API_OS1NAYOUNG_2\API_OS1NAYOUNG_2\RELEASE\TESTPROCESSOR.OBJ
C:\USERS\NAYOUNG\DOCUMENTS\VISUAL STUDIO 2012\PROJECTS\API_OS1NAYOUNG_2\API_OS1NAYOUNG_2\RELEASE\TESTPROCESSF.OBJ
C:\USERS\NAYOUNG\DOCUMENTS\VISUAL STUDIO 2012\PROJECTS\API_OS1NAYOUNG_2\API_OS1NAYOUNG_2\RELEASE\TESTMODULE.OBJ
C:\USERS\NAYOUNG\DOCUMENTS\VISUAL STUDIO 2012\PROJECTS\API_OS1NAYOUNG_2\API_OS1NAYOUNG_2\RELEASE\TESTMETAFILE.OBJ
C:\USERS\NAYOUNG\DOCUMENTS\VISUAL STUDIO 2012\PROJECTS\API_OS1NAYOUNG_2\API_OS1NAYOUNG_2\RELEASE\TESTMEMORY.OBJ
C:\USERS\NAYOUNG\DOCUMENTS\VISUAL STUDIO 2012\PROJECTS\API_OS1NAYOUNG_2\API_OS1NAYOUNG_2\RELEASE\TESTFUNCTIONPPT.OBJ
C:\USERS\NAYOUNG\DOCUMENTS\VISUAL STUDIO 2012\PROJECTS\API_OS1NAYOUNG_2\API_OS1NAYOUNG_2\RELEASE\TESTFUNCTION.OBJ
C:\USERS\NAYOUNG\DOCUMENTS\VISUAL STUDIO 2012\PROJECTS\API_OS1NAYOUNG_2\API_OS1NAYOUNG_2\RELEASE\TESTEVENTHG.OBJ
C:\USERS\NAYOUNG\DOCUMENTS\VISUAL STUDIO 2012\PROJECTS\API_OS1NAYOUNG_2\API_OS1NAYOUNG_2\RELEASE\TESTCRITICALSECTION.OBJ
C:\USERS\NAYOUNG\DOCUMENTS\VISUAL STUDIO 2012\PROJECTS\API_OS1NAYOUNG_2\API_OS1NAYOUNG_2\RELEASE\TESTCONSOLE.OBJ
C:\USERS\NAYOUNG\DOCUMENTS\VISUAL STUDIO 2012\PROJECTS\API_OS1NAYOUNG_2\API_OS1NAYOUNG_2\RELEASE\PAGING.OBJ
C:\USERS\NAYOUNG\DOCUMENTS\VISUAL STUDIO 2012\PROJECTS\API_OS1NAYOUNG_2\API_OS1NAYOUNG_2\RELEASE\OSQA.OBJ
C:\USERS\NAYOUNG\DOCUMENTS\VISUAL STUDIO 2012\PROJECTS\API_OS1NAYOUNG_2\API_OS1NAYOUNG_2\RELEASE\MYUTIL.OBJ
C:\USERS\NAYOUNG\DOCUMENTS\VISUAL STUDIO 2012\PROJECTS\API_OS1NAYOUNG_2\API_OS1NAYOUNG_2\RELEASE\MERGEDWINMAIN.OBJ
C:\USERS\NAYOUNG\DOCUMENTS\VISUAL STUDIO 2012\PROJECTS\API_OS1NAYOUNG_2\API_OS1NAYOUNG_2\RELEASE\MAKEBUTTON.OBJ
C:\USERS\NAYOUNG\DOCUMENTS\VISUAL STUDIO 2012\PROJECTS\API_OS1NAYOUNG_2\API_OS1NAYOUNG_2\RELEASE\VC110.PDB
C:\USERS\NAYOUNG\DOCUMENTS\VISUAL STUDIO 2012\PROJECTS\API_OS1NAYOUNG_2\RELEASE\API_OS1NAYOUNG_2.EXE
C:\USERS\NAYOUNG\DOCUMENTS\VISUAL STUDIO 2012\PROJECTS\API_OS1NAYOUNG_2\RELEASE\API_OS1NAYOUNG_2.PDB
C:\Users\NAYOUNG\Documents\Visual Studio 2012\Projects\API_OS1nayoung_2\API_OS1nayoung_2\Release\MakeButton.obj
C:\Users\NAYOUNG\Documents\Visual Studio 2012\Projects\API_OS1nayoung_2\API_OS1nayoung_2\Release\MergedWinMain.obj
C:\Users\NAYOUNG\Documents\Visual Studio 2012\Projects\API_OS1nayoung_2\API_OS1nayoung_2\Release\MyUtil.obj
C:\Users\NAYOUNG\Documents\Visual Studio 2012\Projects\API_OS1nayoung_2\API_OS1nayoung_2\Release\OSQA.obj
C:\Users\NAYOUNG\Documents\Visual Studio 2012\Projects\API_OS1nayoung_2\API_OS1nayoung_2\Release\Paging.obj
C:\Users\NAYOUNG\Documents\Visual Studio 2012\Projects\API_OS1nayoung_2\API_OS1nayoung_2\Release\TestConsole.obj
C:\Users\NAYOUNG\Documents\Visual Studio 2012\Projects\API_OS1nayoung_2\API_OS1nayoung_2\Release\TestCriticalSection.obj
C:\Users\NAYOUNG\Documents\Visual Studio 2012\Projects\API_OS1nayoung_2\API_OS1nayoung_2\Release\TestEventHG.obj
C:\Users\NAYOUNG\Documents\Visual Studio 2012\Projects\API_OS1nayoung_2\API_OS1nayoung_2\Release\TestFunction.obj
C:\Users\NAYOUNG\Documents\Visual Studio 2012\Projects\API_OS1nayoung_2\API_OS1nayoung_2\Release\TestFunctionPPT.obj
C:\Users\NAYOUNG\Documents\Visual Studio 2012\Projects\API_OS1nayoung_2\API_OS1nayoung_2\Release\TestMemory.obj
C:\Users\NAYOUNG\Documents\Visual Studio 2012\Projects\API_OS1nayoung_2\API_OS1nayoung_2\Release\TestMetafile.obj
C:\Users\NAYOUNG\Documents\Visual Studio 2012\Projects\API_OS1nayoung_2\API_OS1nayoung_2\Release\TestModule.obj
C:\Users\NAYOUNG\Documents\Visual Studio 2012\Projects\API_OS1nayoung_2\API_OS1nayoung_2\Release\TestProcessF.obj
C:\Users\NAYOUNG\Documents\Visual Studio 2012\Projects\API_OS1nayoung_2\API_OS1nayoung_2\Release\TestProcessor.obj
C:\Users\NAYOUNG\Documents\Visual Studio 2012\Projects\API_OS1nayoung_2\API_OS1nayoung_2\Release\TestRegistry.obj
C:\Users\NAYOUNG\Documents\Visual Studio 2012\Projects\API_OS1nayoung_2\API_OS1nayoung_2\Release\cl.command.1.tlog
C:\Users\NAYOUNG\Documents\Visual Studio 2012\Projects\API_OS1nayoung_2\API_OS1nayoung_2\Release\CL.read.1.tlog
C:\Users\NAYOUNG\Documents\Visual Studio 2012\Projects\API_OS1nayoung_2\API_OS1nayoung_2\Release\CL.write.1.tlog
C:\Users\NAYOUNG\Documents\Visual Studio 2012\Projects\API_OS1nayoung_2\API_OS1nayoung_2\Release\link-cvtres.read.1.tlog
C:\Users\NAYOUNG\Documents\Visual Studio 2012\Projects\API_OS1nayoung_2\API_OS1nayoung_2\Release\link-cvtres.write.1.tlog
C:\Users\NAYOUNG\Documents\Visual Studio 2012\Projects\API_OS1nayoung_2\API_OS1nayoung_2\Release\link-rc.read.1.tlog
C:\Users\NAYOUNG\Documents\Visual Studio 2012\Projects\API_OS1nayoung_2\API_OS1nayoung_2\Release\link-rc.write.1.tlog
C:\Users\NAYOUNG\Documents\Visual Studio 2012\Projects\API_OS1nayoung_2\API_OS1nayoung_2\Release\link.command.1.tlog
C:\Users\NAYOUNG\Documents\Visual Studio 2012\Projects\API_OS1nayoung_2\API_OS1nayoung_2\Release\link.read.1.tlog
C:\Users\NAYOUNG\Documents\Visual Studio 2012\Projects\API_OS1nayoung_2\API_OS1nayoung_2\Release\link.write.1.tlog
C:\Users\NAYOUNG\Documents\Visual Studio 2012\Projects\API_OS1nayoung_2\API_OS1nayoung_2\Release\vc110.pdb
C:\Users\NAYOUNG\Documents\Visual Studio 2012\Projects\API_OS1nayoung_2\Release\API_OS1nayoung_2.pdb
C:\Users\NAYOUNG\Documents\Visual Studio 2012\Projects\API_OS1nayoung_2\Release\API_OS1nayoung_2.exe
