빌드 시작: 2017-11-13 오전 8:23:05
     1>2 노드의 "C:\Users\NAYOUNG\Documents\GitHub\nayoung\API_OS1nayoung\API_OS1nayoung\API_OS1nayoung.vcxproj" 프로젝트(Build 대상)입니다.
     1>ClCompile:
         C:\Program Files (x86)\Microsoft Visual Studio 11.0\VC\bin\CL.exe /c /Zi /nologo /W3 /WX- /O2 /Oi /Oy- /GL /D WIN32 /D NDEBUG /D _WINDOWS /D _UNICODE /D UNICODE /Gm- /EHsc /MD /GS /Gy /fp:precise /Zc:wchar_t /Zc:forScope /Fo"Release\\" /Fd"Release\vc110.pdb" /Gd /TP /analyze- /errorReport:prompt MyUtil.cpp OSQA.cpp Win32Main.cpp "소스.cpp" "손나영\TestCriticalSection.cpp" "손나영\TestFunctionPPT.cpp" "손나영\TestFunction.cpp" "손나영\TestMemory.cpp" "손나영\TestModule.cpp" "손나영\TestProcessF.cpp" "손나영\TestProcessor.cpp" "손나영\TestRegistry.cpp" "손나영\TestRegistryPPT.cpp"
         MyUtil.cpp
         OSQA.cpp
         Win32Main.cpp
         소스.cpp
         TestCriticalSection.cpp
         TestFunctionPPT.cpp
         TestFunction.cpp
         TestMemory.cpp
     1>손나영\TestMemory.cpp(563): warning C4101: 'bytesRead' :참조되지 않은 지역 변수입니다.
         TestModule.cpp
         TestProcessF.cpp
         TestProcessor.cpp
         TestRegistry.cpp
     1>손나영\TestRegistry.cpp(1278): warning C4101: 'newKey' :참조되지 않은 지역 변수입니다.
     1>손나영\TestRegistry.cpp(1510): warning C4101: 'cbName' :참조되지 않은 지역 변수입니다.
     1>손나영\TestRegistry.cpp(1509): warning C4101: 'achKey' :참조되지 않은 지역 변수입니다.
         TestRegistryPPT.cpp
     1>손나영\TestRegistryPPT.cpp(662): warning C4101: 'newKey' :참조되지 않은 지역 변수입니다.
       Link:
         C:\Program Files (x86)\Microsoft Visual Studio 11.0\VC\bin\link.exe /ERRORREPORT:PROMPT /OUT:"C:\Users\NAYOUNG\Documents\GitHub\nayoung\API_OS1nayoung\Release\API_OS1nayoung.exe" /INCREMENTAL:NO /NOLOGO kernel32.lib user32.lib gdi32.lib winspool.lib comdlg32.lib advapi32.lib shell32.lib ole32.lib oleaut32.lib uuid.lib odbc32.lib odbccp32.lib /MANIFEST /MANIFESTUAC:"level='asInvoker' uiAccess='false'" /manifest:embed /DEBUG /PDB:"C:\Users\NAYOUNG\Documents\GitHub\nayoung\API_OS1nayoung\Release\API_OS1nayoung.pdb" /SUBSYSTEM:WINDOWS /OPT:REF /OPT:ICF /LTCG /TLBID:1 /DYNAMICBASE /NXCOMPAT /IMPLIB:"C:\Users\NAYOUNG\Documents\GitHub\nayoung\API_OS1nayoung\Release\API_OS1nayoung.lib" /MACHINE:X86 /SAFESEH Release\MyUtil.obj
         Release\OSQA.obj
         Release\Win32Main.obj
         "Release\소스.obj"
         Release\TestCriticalSection.obj
         Release\TestFunctionPPT.obj
         Release\TestFunction.obj
         Release\TestMemory.obj
         Release\TestModule.obj
         Release\TestProcessF.obj
         Release\TestProcessor.obj
         Release\TestRegistry.obj
         Release\TestRegistryPPT.obj
     1>TestRegistryPPT.obj : error LNK2005: "int __cdecl test_RegLoadMUIStringW(void)" (?test_RegLoadMUIStringW@@YAHXZ)이(가) TestRegistry.obj에 이미 정의되어 있습니다.
     1>TestRegistryPPT.obj : error LNK2005: "int __cdecl test_RegLoadMUIStringA(void)" (?test_RegLoadMUIStringA@@YAHXZ)이(가) TestRegistry.obj에 이미 정의되어 있습니다.
     1>TestRegistryPPT.obj : error LNK2005: "int __cdecl test_RegRestoreKeyW(void)" (?test_RegRestoreKeyW@@YAHXZ)이(가) TestRegistry.obj에 이미 정의되어 있습니다.
     1>TestRegistryPPT.obj : error LNK2005: "int __cdecl test_RegRestoreKeyA(void)" (?test_RegRestoreKeyA@@YAHXZ)이(가) TestRegistry.obj에 이미 정의되어 있습니다.
     1>TestRegistryPPT.obj : error LNK2005: "int __cdecl test_RegOpenUserClassesRoot(void)" (?test_RegOpenUserClassesRoot@@YAHXZ)이(가) TestRegistry.obj에 이미 정의되어 있습니다.
     1>TestRegistryPPT.obj : error LNK2005: "int __cdecl test_RegOpenCurrentUser(void)" (?test_RegOpenCurrentUser@@YAHXZ)이(가) TestRegistry.obj에 이미 정의되어 있습니다.
     1>TestRegistryPPT.obj : error LNK2005: "int __cdecl test_RegGetValueW(void)" (?test_RegGetValueW@@YAHXZ)이(가) TestRegistry.obj에 이미 정의되어 있습니다.
     1>TestRegistryPPT.obj : error LNK2005: "int __cdecl test_RegDisablePredefinedCacheEx(void)" (?test_RegDisablePredefinedCacheEx@@YAHXZ)이(가) TestRegistry.obj에 이미 정의되어 있습니다.
     1>TestRegistryPPT.obj : error LNK2005: "int __cdecl test_RegDeleteTreeW(void)" (?test_RegDeleteTreeW@@YAHXZ)이(가) TestRegistry.obj에 이미 정의되어 있습니다.
     1>TestRegistryPPT.obj : error LNK2005: "int __cdecl test_RegSaveKeyExW(void)" (?test_RegSaveKeyExW@@YAHXZ)이(가) TestRegistry.obj에 이미 정의되어 있습니다.
     1>TestRegistryPPT.obj : error LNK2005: "int __cdecl test_RegSaveKeyExA(void)" (?test_RegSaveKeyExA@@YAHXZ)이(가) TestRegistry.obj에 이미 정의되어 있습니다.
     1>TestRegistryPPT.obj : error LNK2005: "int __cdecl test_RegUnLoadKeyW(void)" (?test_RegUnLoadKeyW@@YAHXZ)이(가) TestRegistry.obj에 이미 정의되어 있습니다.
     1>TestRegistryPPT.obj : error LNK2005: "int __cdecl test_RegUnLoadKeyA(void)" (?test_RegUnLoadKeyA@@YAHXZ)이(가) TestRegistry.obj에 이미 정의되어 있습니다.
     1>TestRegistryPPT.obj : error LNK2005: "int __cdecl test_RegLoadKeyW(void)" (?test_RegLoadKeyW@@YAHXZ)이(가) TestRegistry.obj에 이미 정의되어 있습니다.
     1>TestRegistryPPT.obj : error LNK2005: "int __cdecl test_RegLoadKeyA(void)" (?test_RegLoadKeyA@@YAHXZ)이(가) TestRegistry.obj에 이미 정의되어 있습니다.
     1>TestRegistryPPT.obj : error LNK2005: "int __cdecl SetPrivilege(void *,wchar_t const *,int)" (?SetPrivilege@@YAHPAXPB_WH@Z)이(가) TestRegistry.obj에 이미 정의되어 있습니다.
     1>C:\Users\NAYOUNG\Documents\GitHub\nayoung\API_OS1nayoung\Release\API_OS1nayoung.exe : fatal error LNK1169: 여러 번 정의된 기호가 있습니다.
     1>"C:\Users\NAYOUNG\Documents\GitHub\nayoung\API_OS1nayoung\API_OS1nayoung\API_OS1nayoung.vcxproj" 프로젝트를 빌드했습니다(Build 대상). - 실패

빌드하지 못했습니다.

경과 시간: 00:00:12.56
