C:\USERS\TMAX\DOCUMENTS\VISUAL STUDIO 2012\PROJECTS\API_OS1NAYOUNG\API_OS1NAYOUNG\RELEASE\TESTREGISTRYPPT.OBJ
C:\USERS\TMAX\DOCUMENTS\VISUAL STUDIO 2012\PROJECTS\API_OS1NAYOUNG\API_OS1NAYOUNG\RELEASE\TESTREGISTRY.OBJ
C:\USERS\TMAX\DOCUMENTS\VISUAL STUDIO 2012\PROJECTS\API_OS1NAYOUNG\API_OS1NAYOUNG\RELEASE\TESTPROCESSOR.OBJ
C:\USERS\TMAX\DOCUMENTS\VISUAL STUDIO 2012\PROJECTS\API_OS1NAYOUNG\API_OS1NAYOUNG\RELEASE\TESTPROCESS2.OBJ
C:\USERS\TMAX\DOCUMENTS\VISUAL STUDIO 2012\PROJECTS\API_OS1NAYOUNG\API_OS1NAYOUNG\RELEASE\TESTDEBUG.OBJ
C:\USERS\TMAX\DOCUMENTS\VISUAL STUDIO 2012\PROJECTS\API_OS1NAYOUNG\API_OS1NAYOUNG\RELEASE\TESTMODULE.OBJ
C:\USERS\TMAX\DOCUMENTS\VISUAL STUDIO 2012\PROJECTS\API_OS1NAYOUNG\API_OS1NAYOUNG\RELEASE\TESTFUNCTION.OBJ
C:\USERS\TMAX\DOCUMENTS\VISUAL STUDIO 2012\PROJECTS\API_OS1NAYOUNG\API_OS1NAYOUNG\RELEASE\TESTLIBRARY.OBJ
C:\USERS\TMAX\DOCUMENTS\VISUAL STUDIO 2012\PROJECTS\API_OS1NAYOUNG\API_OS1NAYOUNG\RELEASE\TESTFUNCTIONPPT.OBJ
C:\USERS\TMAX\DOCUMENTS\VISUAL STUDIO 2012\PROJECTS\API_OS1NAYOUNG\API_OS1NAYOUNG\RELEASE\TESTCRITICALSECTION.OBJ
C:\USERS\TMAX\DOCUMENTS\VISUAL STUDIO 2012\PROJECTS\API_OS1NAYOUNG\API_OS1NAYOUNG\RELEASE\WINMAIN.OBJ
C:\USERS\TMAX\DOCUMENTS\VISUAL STUDIO 2012\PROJECTS\API_OS1NAYOUNG\API_OS1NAYOUNG\RELEASE\OSQA.OBJ
C:\USERS\TMAX\DOCUMENTS\VISUAL STUDIO 2012\PROJECTS\API_OS1NAYOUNG\API_OS1NAYOUNG\RELEASE\MYUTIL.OBJ
C:\USERS\TMAX\DOCUMENTS\VISUAL STUDIO 2012\PROJECTS\API_OS1NAYOUNG\API_OS1NAYOUNG\RELEASE\VC110.PDB
C:\USERS\TMAX\DOCUMENTS\VISUAL STUDIO 2012\PROJECTS\API_OS1NAYOUNG\API_OS1NAYOUNG\RELEASE\TESTPROCESSF.OBJ
C:\USERS\TMAX\DOCUMENTS\VISUAL STUDIO 2012\PROJECTS\API_OS1NAYOUNG\API_OS1NAYOUNG\RELEASE\WIN32MAIN.OBJ
C:\USERS\TMAX\DOCUMENTS\VISUAL STUDIO 2012\PROJECTS\API_OS1NAYOUNG\RELEASE\API_OS1NAYOUNG.EXE
C:\USERS\TMAX\DOCUMENTS\VISUAL STUDIO 2012\PROJECTS\API_OS1NAYOUNG\RELEASE\API_OS1NAYOUNG.PDB
C:\Users\Tmax\documents\visual studio 2012\Projects\API_OS1nayoung\API_OS1nayoung\Release\MyUtil.obj
C:\Users\Tmax\documents\visual studio 2012\Projects\API_OS1nayoung\API_OS1nayoung\Release\OSQA.obj
C:\Users\Tmax\documents\visual studio 2012\Projects\API_OS1nayoung\API_OS1nayoung\Release\TestCriticalSection.obj
C:\Users\Tmax\documents\visual studio 2012\Projects\API_OS1nayoung\API_OS1nayoung\Release\TestDebug.obj
C:\Users\Tmax\documents\visual studio 2012\Projects\API_OS1nayoung\API_OS1nayoung\Release\TestFunction.obj
C:\Users\Tmax\documents\visual studio 2012\Projects\API_OS1nayoung\API_OS1nayoung\Release\TestFunctionPPT.obj
C:\Users\Tmax\documents\visual studio 2012\Projects\API_OS1nayoung\API_OS1nayoung\Release\TestLibrary.obj
C:\Users\Tmax\documents\visual studio 2012\Projects\API_OS1nayoung\API_OS1nayoung\Release\TestModule.obj
C:\Users\Tmax\documents\visual studio 2012\Projects\API_OS1nayoung\API_OS1nayoung\Release\TestProcess2.obj
C:\Users\Tmax\documents\visual studio 2012\Projects\API_OS1nayoung\API_OS1nayoung\Release\TestProcessF.obj
C:\Users\Tmax\documents\visual studio 2012\Projects\API_OS1nayoung\API_OS1nayoung\Release\TestProcessor.obj
C:\Users\Tmax\documents\visual studio 2012\Projects\API_OS1nayoung\API_OS1nayoung\Release\TestRegistry.obj
C:\Users\Tmax\documents\visual studio 2012\Projects\API_OS1nayoung\API_OS1nayoung\Release\TestRegistryPPT.obj
C:\Users\Tmax\documents\visual studio 2012\Projects\API_OS1nayoung\API_OS1nayoung\Release\Win32Main.obj
C:\Users\Tmax\documents\visual studio 2012\Projects\API_OS1nayoung\API_OS1nayoung\Release\WinMain.obj
C:\Users\Tmax\documents\visual studio 2012\Projects\API_OS1nayoung\API_OS1nayoung\Release\cl.command.1.tlog
C:\Users\Tmax\documents\visual studio 2012\Projects\API_OS1nayoung\API_OS1nayoung\Release\CL.read.1.tlog
C:\Users\Tmax\documents\visual studio 2012\Projects\API_OS1nayoung\API_OS1nayoung\Release\CL.write.1.tlog
C:\Users\Tmax\documents\visual studio 2012\Projects\API_OS1nayoung\API_OS1nayoung\Release\link-cvtres.read.1.tlog
C:\Users\Tmax\documents\visual studio 2012\Projects\API_OS1nayoung\API_OS1nayoung\Release\link-cvtres.write.1.tlog
C:\Users\Tmax\documents\visual studio 2012\Projects\API_OS1nayoung\API_OS1nayoung\Release\link-rc.read.1.tlog
C:\Users\Tmax\documents\visual studio 2012\Projects\API_OS1nayoung\API_OS1nayoung\Release\link-rc.write.1.tlog
C:\Users\Tmax\documents\visual studio 2012\Projects\API_OS1nayoung\API_OS1nayoung\Release\link.command.1.tlog
C:\Users\Tmax\documents\visual studio 2012\Projects\API_OS1nayoung\API_OS1nayoung\Release\link.read.1.tlog
C:\Users\Tmax\documents\visual studio 2012\Projects\API_OS1nayoung\API_OS1nayoung\Release\link.read.2.tlog
C:\Users\Tmax\documents\visual studio 2012\Projects\API_OS1nayoung\API_OS1nayoung\Release\link.read.4.tlog
C:\Users\Tmax\documents\visual studio 2012\Projects\API_OS1nayoung\API_OS1nayoung\Release\link.write.1.tlog
C:\Users\Tmax\documents\visual studio 2012\Projects\API_OS1nayoung\API_OS1nayoung\Release\vc110.pdb
C:\Users\Tmax\documents\visual studio 2012\Projects\API_OS1nayoung\Release\API_OS1nayoung.pdb
C:\Users\Tmax\documents\visual studio 2012\Projects\API_OS1nayoung\Release\API_OS1nayoung.exe
