빌드 시작: 2017-09-15 오전 9:33:04
     1>2 노드의 "c:\Users\Tmax\documents\visual studio 2012\Projects\API_OS1nayoung\API_OS1nayoung\API_OS1nayoung.vcxproj" 프로젝트(Rebuild 대상)입니다.
     1>ClCompile:
         C:\Program Files (x86)\Microsoft Visual Studio 11.0\VC\bin\CL.exe /c /ZI /nologo /W3 /WX- /Od /Oy- /D WIN32 /D _DEBUG /D _WINDOWS /D _UNICODE /D UNICODE /Gm /EHsc /RTC1 /MDd /GS /fp:precise /Zc:wchar_t /Zc:forScope /Fo"Debug\\" /Fd"Debug\vc110.pdb" /Gd /TP /analyze- /errorReport:prompt MyUtil.cpp OSQA.cpp reg_security_soncy.cpp reg_security_stackoverflow.cpp WinMain.cpp "손나영\TestBeep.cpp" "손나영\TestCriticalSection.cpp" "손나영\TestFreeLibrary.cpp" "손나영\TestFunction.cpp" "손나영\TestModule32.cpp" "손나영\TestOutputDebugString.cpp" "손나영\TestPriorityClass.cpp" "손나영\TestRegistry.cpp" "손나영\TestRegistry2.cpp" "손나영\TestRegistry3_advapi.cpp" "손나영\TestSetHandleCount.cpp"
         TestSetHandleCount.cpp
         TestRegistry3_advapi.cpp
         TestRegistry2.cpp
         TestRegistry.cpp
         TestPriorityClass.cpp
         TestOutputDebugString.cpp
         TestModule32.cpp
         TestFunction.cpp
         TestFreeLibrary.cpp
         TestCriticalSection.cpp
         TestBeep.cpp
         WinMain.cpp
         reg_security_stackoverflow.cpp
         reg_security_soncy.cpp
         OSQA.cpp
         MyUtil.cpp
         코드를 생성하고 있습니다...
       Link:
         C:\Program Files (x86)\Microsoft Visual Studio 11.0\VC\bin\link.exe /ERRORREPORT:PROMPT /OUT:"c:\users\tmax\documents\visual studio 2012\Projects\API_OS1nayoung\Debug\API_OS1nayoung.exe" /INCREMENTAL /NOLOGO kernel32.lib user32.lib gdi32.lib winspool.lib comdlg32.lib advapi32.lib shell32.lib ole32.lib oleaut32.lib uuid.lib odbc32.lib odbccp32.lib /MANIFEST /MANIFESTUAC:"level='asInvoker' uiAccess='false'" /manifest:embed /DEBUG /PDB:"c:\users\tmax\documents\visual studio 2012\Projects\API_OS1nayoung\Debug\API_OS1nayoung.pdb" /SUBSYSTEM:WINDOWS /TLBID:1 /DYNAMICBASE /NXCOMPAT /IMPLIB:"c:\users\tmax\documents\visual studio 2012\Projects\API_OS1nayoung\Debug\API_OS1nayoung.lib" /MACHINE:X86 Debug\MyUtil.obj
         Debug\OSQA.obj
         Debug\reg_security_soncy.obj
         Debug\reg_security_stackoverflow.obj
         Debug\WinMain.obj
         Debug\TestBeep.obj
         Debug\TestCriticalSection.obj
         Debug\TestFreeLibrary.obj
         Debug\TestFunction.obj
         Debug\TestModule32.obj
         Debug\TestOutputDebugString.obj
         Debug\TestPriorityClass.obj
         Debug\TestRegistry.obj
         Debug\TestRegistry2.obj
         Debug\TestRegistry3_advapi.obj
         Debug\TestSetHandleCount.obj
         API_OS1nayoung.vcxproj -> c:\users\tmax\documents\visual studio 2012\Projects\API_OS1nayoung\Debug\API_OS1nayoung.exe
     1>"c:\Users\Tmax\documents\visual studio 2012\Projects\API_OS1nayoung\API_OS1nayoung\API_OS1nayoung.vcxproj" 프로젝트를 빌드했습니다(Rebuild 대상).

빌드했습니다.

경과 시간: 00:00:16.76
