C:\USERS\TMAX\DOCUMENTS\VISUAL STUDIO 2012\PROJECTS\API_OS1NAYOUNG\API_OS1NAYOUNG\DEBUG\MYUTIL.OBJ
C:\USERS\TMAX\DOCUMENTS\VISUAL STUDIO 2012\PROJECTS\API_OS1NAYOUNG\API_OS1NAYOUNG\DEBUG\OSQA.OBJ
C:\USERS\TMAX\DOCUMENTS\VISUAL STUDIO 2012\PROJECTS\API_OS1NAYOUNG\API_OS1NAYOUNG\DEBUG\REG_SECURITY_SONCY.OBJ
C:\USERS\TMAX\DOCUMENTS\VISUAL STUDIO 2012\PROJECTS\API_OS1NAYOUNG\API_OS1NAYOUNG\DEBUG\REG_SECURITY_STACKOVERFLOW.OBJ
C:\USERS\TMAX\DOCUMENTS\VISUAL STUDIO 2012\PROJECTS\API_OS1NAYOUNG\API_OS1NAYOUNG\DEBUG\WINMAIN.OBJ
C:\USERS\TMAX\DOCUMENTS\VISUAL STUDIO 2012\PROJECTS\API_OS1NAYOUNG\API_OS1NAYOUNG\DEBUG\TESTBEEP.OBJ
C:\USERS\TMAX\DOCUMENTS\VISUAL STUDIO 2012\PROJECTS\API_OS1NAYOUNG\API_OS1NAYOUNG\DEBUG\TESTCRITICALSECTION.OBJ
C:\USERS\TMAX\DOCUMENTS\VISUAL STUDIO 2012\PROJECTS\API_OS1NAYOUNG\API_OS1NAYOUNG\DEBUG\TESTFREELIBRARY.OBJ
C:\USERS\TMAX\DOCUMENTS\VISUAL STUDIO 2012\PROJECTS\API_OS1NAYOUNG\API_OS1NAYOUNG\DEBUG\TESTFUNCTION.OBJ
C:\USERS\TMAX\DOCUMENTS\VISUAL STUDIO 2012\PROJECTS\API_OS1NAYOUNG\API_OS1NAYOUNG\DEBUG\TESTMODULE32.OBJ
C:\USERS\TMAX\DOCUMENTS\VISUAL STUDIO 2012\PROJECTS\API_OS1NAYOUNG\API_OS1NAYOUNG\DEBUG\TESTOUTPUTDEBUGSTRING.OBJ
C:\USERS\TMAX\DOCUMENTS\VISUAL STUDIO 2012\PROJECTS\API_OS1NAYOUNG\API_OS1NAYOUNG\DEBUG\TESTPRIORITYCLASS.OBJ
C:\USERS\TMAX\DOCUMENTS\VISUAL STUDIO 2012\PROJECTS\API_OS1NAYOUNG\API_OS1NAYOUNG\DEBUG\TESTREGISTRY.OBJ
C:\USERS\TMAX\DOCUMENTS\VISUAL STUDIO 2012\PROJECTS\API_OS1NAYOUNG\API_OS1NAYOUNG\DEBUG\TESTREGISTRY2.OBJ
C:\USERS\TMAX\DOCUMENTS\VISUAL STUDIO 2012\PROJECTS\API_OS1NAYOUNG\API_OS1NAYOUNG\DEBUG\TESTREGISTRY3_ADVAPI.OBJ
C:\USERS\TMAX\DOCUMENTS\VISUAL STUDIO 2012\PROJECTS\API_OS1NAYOUNG\API_OS1NAYOUNG\DEBUG\TESTSETHANDLECOUNT.OBJ
C:\USERS\TMAX\DOCUMENTS\VISUAL STUDIO 2012\PROJECTS\API_OS1NAYOUNG\API_OS1NAYOUNG\DEBUG\VC110.PDB
C:\USERS\TMAX\DOCUMENTS\VISUAL STUDIO 2012\PROJECTS\API_OS1NAYOUNG\DEBUG\API_OS1NAYOUNG.ILK
C:\USERS\TMAX\DOCUMENTS\VISUAL STUDIO 2012\PROJECTS\API_OS1NAYOUNG\DEBUG\API_OS1NAYOUNG.EXE
C:\USERS\TMAX\DOCUMENTS\VISUAL STUDIO 2012\PROJECTS\API_OS1NAYOUNG\DEBUG\API_OS1NAYOUNG.PDB
c:\Users\Tmax\documents\visual studio 2012\Projects\API_OS1nayoung\API_OS1nayoung\Debug\MyUtil.obj
c:\Users\Tmax\documents\visual studio 2012\Projects\API_OS1nayoung\API_OS1nayoung\Debug\OSQA.obj
c:\Users\Tmax\documents\visual studio 2012\Projects\API_OS1nayoung\API_OS1nayoung\Debug\reg_security_soncy.obj
c:\Users\Tmax\documents\visual studio 2012\Projects\API_OS1nayoung\API_OS1nayoung\Debug\reg_security_stackoverflow.obj
c:\Users\Tmax\documents\visual studio 2012\Projects\API_OS1nayoung\API_OS1nayoung\Debug\TestBeep.obj
c:\Users\Tmax\documents\visual studio 2012\Projects\API_OS1nayoung\API_OS1nayoung\Debug\TestCriticalSection.obj
c:\Users\Tmax\documents\visual studio 2012\Projects\API_OS1nayoung\API_OS1nayoung\Debug\TestFreeLibrary.obj
c:\Users\Tmax\documents\visual studio 2012\Projects\API_OS1nayoung\API_OS1nayoung\Debug\TestFunction.obj
c:\Users\Tmax\documents\visual studio 2012\Projects\API_OS1nayoung\API_OS1nayoung\Debug\TestModule32.obj
c:\Users\Tmax\documents\visual studio 2012\Projects\API_OS1nayoung\API_OS1nayoung\Debug\TestOutputDebugString.obj
c:\Users\Tmax\documents\visual studio 2012\Projects\API_OS1nayoung\API_OS1nayoung\Debug\TestPriorityClass.obj
c:\Users\Tmax\documents\visual studio 2012\Projects\API_OS1nayoung\API_OS1nayoung\Debug\TestRegistry.obj
c:\Users\Tmax\documents\visual studio 2012\Projects\API_OS1nayoung\API_OS1nayoung\Debug\TestRegistry2.obj
c:\Users\Tmax\documents\visual studio 2012\Projects\API_OS1nayoung\API_OS1nayoung\Debug\TestRegistry3_advapi.obj
c:\Users\Tmax\documents\visual studio 2012\Projects\API_OS1nayoung\API_OS1nayoung\Debug\TestSetHandleCount.obj
c:\Users\Tmax\documents\visual studio 2012\Projects\API_OS1nayoung\API_OS1nayoung\Debug\WinMain.obj
c:\Users\Tmax\documents\visual studio 2012\Projects\API_OS1nayoung\API_OS1nayoung\Debug\cl.command.1.tlog
c:\Users\Tmax\documents\visual studio 2012\Projects\API_OS1nayoung\API_OS1nayoung\Debug\CL.read.1.tlog
c:\Users\Tmax\documents\visual studio 2012\Projects\API_OS1nayoung\API_OS1nayoung\Debug\CL.write.1.tlog
c:\Users\Tmax\documents\visual studio 2012\Projects\API_OS1nayoung\API_OS1nayoung\Debug\link-cvtres.read.1.tlog
c:\Users\Tmax\documents\visual studio 2012\Projects\API_OS1nayoung\API_OS1nayoung\Debug\link-cvtres.write.1.tlog
c:\Users\Tmax\documents\visual studio 2012\Projects\API_OS1nayoung\API_OS1nayoung\Debug\link-rc.read.1.tlog
c:\Users\Tmax\documents\visual studio 2012\Projects\API_OS1nayoung\API_OS1nayoung\Debug\link-rc.write.1.tlog
c:\Users\Tmax\documents\visual studio 2012\Projects\API_OS1nayoung\API_OS1nayoung\Debug\link.command.1.tlog
c:\Users\Tmax\documents\visual studio 2012\Projects\API_OS1nayoung\API_OS1nayoung\Debug\link.read.1.tlog
c:\Users\Tmax\documents\visual studio 2012\Projects\API_OS1nayoung\API_OS1nayoung\Debug\link.write.1.tlog
c:\Users\Tmax\documents\visual studio 2012\Projects\API_OS1nayoung\API_OS1nayoung\Debug\vc110.idb
c:\Users\Tmax\documents\visual studio 2012\Projects\API_OS1nayoung\API_OS1nayoung\Debug\vc110.pdb
c:\users\tmax\documents\visual studio 2012\Projects\API_OS1nayoung\Debug\API_OS1nayoung.pdb
c:\users\tmax\documents\visual studio 2012\Projects\API_OS1nayoung\Debug\API_OS1nayoung.exe
c:\users\tmax\documents\visual studio 2012\Projects\API_OS1nayoung\Debug\API_OS1nayoung.ilk
